C:\USERS\ADMINISTRATOR\DOCUMENTS\VISUAL STUDIO 2012\PROJECTS\CLEANBOT\CLEANBOT\DEBUG\STATEMACHINE.OBJ
C:\USERS\ADMINISTRATOR\DOCUMENTS\VISUAL STUDIO 2012\PROJECTS\CLEANBOT\CLEANBOT\DEBUG\STATESBAG.OBJ
C:\USERS\ADMINISTRATOR\DOCUMENTS\VISUAL STUDIO 2012\PROJECTS\CLEANBOT\CLEANBOT\DEBUG\STEERINGBEHAVIORS.OBJ
C:\USERS\ADMINISTRATOR\DOCUMENTS\VISUAL STUDIO 2012\PROJECTS\CLEANBOT\CLEANBOT\DEBUG\MAIN.OBJ
C:\USERS\ADMINISTRATOR\DOCUMENTS\VISUAL STUDIO 2012\PROJECTS\CLEANBOT\CLEANBOT\DEBUG\VEHICLE.OBJ
C:\USERS\ADMINISTRATOR\DOCUMENTS\VISUAL STUDIO 2012\PROJECTS\CLEANBOT\CLEANBOT\DEBUG\VC110.PDB
C:\USERS\ADMINISTRATOR\DOCUMENTS\VISUAL STUDIO 2012\PROJECTS\CLEANBOT\DEBUG\CLEANBOT.ILK
C:\USERS\ADMINISTRATOR\DOCUMENTS\VISUAL STUDIO 2012\PROJECTS\CLEANBOT\DEBUG\CLEANBOT.EXE
C:\USERS\ADMINISTRATOR\DOCUMENTS\VISUAL STUDIO 2012\PROJECTS\CLEANBOT\DEBUG\CLEANBOT.PDB
C:\USERS\ADMINISTRATOR\DOCUMENTS\VISUAL STUDIO 2012\PROJECTS\CLEANBOT\CLEANBOT\DEBUG\CLEANBOT.RES
C:\Users\Administrator\Documents\Visual Studio 2012\Projects\CleanBot\CleanBot\Debug\main.obj
C:\Users\Administrator\Documents\Visual Studio 2012\Projects\CleanBot\CleanBot\Debug\StateMachine.obj
C:\Users\Administrator\Documents\Visual Studio 2012\Projects\CleanBot\CleanBot\Debug\StatesBag.obj
C:\Users\Administrator\Documents\Visual Studio 2012\Projects\CleanBot\CleanBot\Debug\SteeringBehaviors.obj
C:\Users\Administrator\Documents\Visual Studio 2012\Projects\CleanBot\CleanBot\Debug\Vehicle.obj
C:\Users\Administrator\Documents\Visual Studio 2012\Projects\CleanBot\CleanBot\Debug\cl.command.1.tlog
C:\Users\Administrator\Documents\Visual Studio 2012\Projects\CleanBot\CleanBot\Debug\CL.read.1.tlog
C:\Users\Administrator\Documents\Visual Studio 2012\Projects\CleanBot\CleanBot\Debug\CL.write.1.tlog
C:\Users\Administrator\Documents\Visual Studio 2012\Projects\CleanBot\CleanBot\Debug\link-cvtres.read.1.tlog
C:\Users\Administrator\Documents\Visual Studio 2012\Projects\CleanBot\CleanBot\Debug\link-cvtres.write.1.tlog
C:\Users\Administrator\Documents\Visual Studio 2012\Projects\CleanBot\CleanBot\Debug\link-rc.read.1.tlog
C:\Users\Administrator\Documents\Visual Studio 2012\Projects\CleanBot\CleanBot\Debug\link-rc.write.1.tlog
C:\Users\Administrator\Documents\Visual Studio 2012\Projects\CleanBot\CleanBot\Debug\link.1180-cvtres.read.1.tlog
C:\Users\Administrator\Documents\Visual Studio 2012\Projects\CleanBot\CleanBot\Debug\link.1180-cvtres.write.1.tlog
C:\Users\Administrator\Documents\Visual Studio 2012\Projects\CleanBot\CleanBot\Debug\link.1180-rc.read.1.tlog
C:\Users\Administrator\Documents\Visual Studio 2012\Projects\CleanBot\CleanBot\Debug\link.1180-rc.write.1.tlog
C:\Users\Administrator\Documents\Visual Studio 2012\Projects\CleanBot\CleanBot\Debug\link.1180.read.1.tlog
C:\Users\Administrator\Documents\Visual Studio 2012\Projects\CleanBot\CleanBot\Debug\link.1180.write.1.tlog
C:\Users\Administrator\Documents\Visual Studio 2012\Projects\CleanBot\CleanBot\Debug\link.2112-cvtres.read.1.tlog
C:\Users\Administrator\Documents\Visual Studio 2012\Projects\CleanBot\CleanBot\Debug\link.2112-cvtres.write.1.tlog
C:\Users\Administrator\Documents\Visual Studio 2012\Projects\CleanBot\CleanBot\Debug\link.2112-rc.read.1.tlog
C:\Users\Administrator\Documents\Visual Studio 2012\Projects\CleanBot\CleanBot\Debug\link.2112-rc.write.1.tlog
C:\Users\Administrator\Documents\Visual Studio 2012\Projects\CleanBot\CleanBot\Debug\link.2112.read.1.tlog
C:\Users\Administrator\Documents\Visual Studio 2012\Projects\CleanBot\CleanBot\Debug\link.2112.write.1.tlog
C:\Users\Administrator\Documents\Visual Studio 2012\Projects\CleanBot\CleanBot\Debug\link.command.1.tlog
C:\Users\Administrator\Documents\Visual Studio 2012\Projects\CleanBot\CleanBot\Debug\link.read.1.tlog
C:\Users\Administrator\Documents\Visual Studio 2012\Projects\CleanBot\CleanBot\Debug\link.write.1.tlog
C:\Users\Administrator\Documents\Visual Studio 2012\Projects\CleanBot\CleanBot\Debug\rc.command.1.tlog
C:\Users\Administrator\Documents\Visual Studio 2012\Projects\CleanBot\CleanBot\Debug\rc.read.1.tlog
C:\Users\Administrator\Documents\Visual Studio 2012\Projects\CleanBot\CleanBot\Debug\rc.write.1.tlog
C:\Users\Administrator\Documents\Visual Studio 2012\Projects\CleanBot\CleanBot\Debug\CleanBot.res
C:\Users\Administrator\Documents\Visual Studio 2012\Projects\CleanBot\CleanBot\Debug\vc110.idb
C:\Users\Administrator\Documents\Visual Studio 2012\Projects\CleanBot\CleanBot\Debug\vc110.pdb
C:\Users\Administrator\Documents\Visual Studio 2012\Projects\CleanBot\Debug\CleanBot.pdb
C:\Users\Administrator\Documents\Visual Studio 2012\Projects\CleanBot\Debug\CleanBot.exe
C:\Users\Administrator\Documents\Visual Studio 2012\Projects\CleanBot\Debug\CleanBot.ilk
